[debug] [2020-09-06T00:24:06.909Z] ----------------------------------------------------------------------
[debug] [2020-09-06T00:24:06.911Z] Command:       /Users/emmanuelmartinez/.nvm/versions/node/v10.16.0/bin/node /Users/emmanuelmartinez/.nvm/versions/node/v10.16.0/bin/firebase deploy
[debug] [2020-09-06T00:24:06.912Z] CLI Version:   8.0.3
[debug] [2020-09-06T00:24:06.912Z] Platform:      darwin
[debug] [2020-09-06T00:24:06.912Z] Node Version:  v10.16.0
[debug] [2020-09-06T00:24:06.913Z] Time:          Sat Sep 05 2020 21:24:06 GMT-0300 (Argentina Standard Time)
[debug] [2020-09-06T00:24:06.913Z] ----------------------------------------------------------------------
[debug] [2020-09-06T00:24:06.913Z] 
[debug] [2020-09-06T00:24:06.925Z] > command requires scopes: ["email","openid","https://www.googleapis.com/auth/cloudplatformprojects.readonly","https://www.googleapis.com/auth/firebase","https://www.googleapis.com/auth/cloud-platform"]
[debug] [2020-09-06T00:24:06.927Z] > authorizing via signed-in user
[debug] [2020-09-06T00:24:06.927Z] [iam] checking project iss-live-location for permissions ["firebase.projects.get","firebasehosting.sites.update"]
[debug] [2020-09-06T00:24:06.931Z] >>> HTTP REQUEST POST https://cloudresourcemanager.googleapis.com/v1/projects/iss-live-location:testIamPermissions  
 {"permissions":["firebase.projects.get","firebasehosting.sites.update"]}
[debug] [2020-09-06T00:24:08.363Z] <<< HTTP RESPONSE 200 {"content-type":"application/json; charset=UTF-8","vary":"X-Origin, Referer, Origin,Accept-Encoding","date":"Sun, 06 Sep 2020 00:24:08 GMT","server":"ESF","cache-control":"private","x-xss-protection":"0","x-frame-options":"SAMEORIGIN","x-content-type-options":"nosniff","server-timing":"gfet4t7; dur=952","alt-svc":"h3-29=\":443\"; ma=2592000,h3-27=\":443\"; ma=2592000,h3-T051=\":443\"; ma=2592000,h3-T050=\":443\"; ma=2592000,h3-Q050=\":443\"; ma=2592000,h3-Q046=\":443\"; ma=2592000,h3-Q043=\":443\"; ma=2592000,quic=\":443\"; ma=2592000; v=\"46,43\"","accept-ranges":"none","transfer-encoding":"chunked"}
[debug] [2020-09-06T00:24:08.366Z] >>> HTTP REQUEST GET https://firebase.googleapis.com/v1beta1/projects/iss-live-location  
 
[debug] [2020-09-06T00:24:08.911Z] <<< HTTP RESPONSE 200 {"content-type":"application/json; charset=UTF-8","vary":"X-Origin, Referer, Origin,Accept-Encoding","date":"Sun, 06 Sep 2020 00:24:08 GMT","server":"ESF","cache-control":"private","x-xss-protection":"0","x-frame-options":"SAMEORIGIN","x-content-type-options":"nosniff","alt-svc":"h3-29=\":443\"; ma=2592000,h3-27=\":443\"; ma=2592000,h3-T051=\":443\"; ma=2592000,h3-T050=\":443\"; ma=2592000,h3-Q050=\":443\"; ma=2592000,h3-Q046=\":443\"; ma=2592000,h3-Q043=\":443\"; ma=2592000,quic=\":443\"; ma=2592000; v=\"46,43\"","accept-ranges":"none","transfer-encoding":"chunked"}
[info] 
[info] === Deploying to 'iss-live-location'...
[info] 
[info] i  deploying hosting
[debug] [2020-09-06T00:24:08.915Z] >>> HTTP REQUEST POST https://firebasehosting.googleapis.com/v1beta1/sites/iss-live-location/versions  
 {"config":{},"labels":{"deployment-tool":"cli-firebase"}}
[debug] [2020-09-06T00:24:11.291Z] <<< HTTP RESPONSE 200 {"content-type":"application/json; charset=UTF-8","vary":"X-Origin, Referer, Origin,Accept-Encoding","date":"Sun, 06 Sep 2020 00:24:11 GMT","server":"ESF","cache-control":"private","x-xss-protection":"0","x-frame-options":"SAMEORIGIN","x-content-type-options":"nosniff","alt-svc":"h3-29=\":443\"; ma=2592000,h3-27=\":443\"; ma=2592000,h3-T051=\":443\"; ma=2592000,h3-T050=\":443\"; ma=2592000,h3-Q050=\":443\"; ma=2592000,h3-Q046=\":443\"; ma=2592000,h3-Q043=\":443\"; ma=2592000,quic=\":443\"; ma=2592000; v=\"46,43\"","accept-ranges":"none","transfer-encoding":"chunked"}
[info] i  hosting[iss-live-location]: beginning deploy...
[info] i  hosting[iss-live-location]: found 3 files in dist
[debug] [2020-09-06T00:24:11.301Z] [hosting] hash cache [ZGlzdA] not populated
[debug] [2020-09-06T00:24:11.321Z] [hosting] hash cache [ZGlzdA] stored for 3 files
[debug] [2020-09-06T00:24:11.322Z] [hosting][hash queue][FINAL] {"max":14,"min":5,"avg":8.666666666666666,"active":0,"complete":3,"success":3,"errored":0,"retried":0,"total":3,"elapsed":21}
[debug] [2020-09-06T00:24:11.322Z] >>> HTTP REQUEST POST https://firebasehosting.googleapis.com/v1beta1/sites/iss-live-location/versions/de77ca6fa5db4afc:populateFiles  
 <request body omitted>
[debug] [2020-09-06T00:24:12.870Z] <<< HTTP RESPONSE 200 {"content-type":"application/json; charset=UTF-8","vary":"X-Origin, Referer, Origin,Accept-Encoding","date":"Sun, 06 Sep 2020 00:24:12 GMT","server":"ESF","cache-control":"private","x-xss-protection":"0","x-frame-options":"SAMEORIGIN","x-content-type-options":"nosniff","alt-svc":"h3-29=\":443\"; ma=2592000,h3-27=\":443\"; ma=2592000,h3-T051=\":443\"; ma=2592000,h3-T050=\":443\"; ma=2592000,h3-Q050=\":443\"; ma=2592000,h3-Q046=\":443\"; ma=2592000,h3-Q043=\":443\"; ma=2592000,quic=\":443\"; ma=2592000; v=\"46,43\"","accept-ranges":"none","transfer-encoding":"chunked"}
[debug] [2020-09-06T00:24:12.875Z] [hosting][populate queue][FINAL] {"max":1554,"min":1554,"avg":1554,"active":0,"complete":1,"success":1,"errored":0,"retried":0,"total":1,"elapsed":1557}
[debug] [2020-09-06T00:24:12.875Z] [hosting] uploads queued: 3
[debug] [2020-09-06T00:24:16.484Z] [hosting][upload queue][FINAL] {"max":3612,"min":2445,"avg":3060,"active":0,"complete":3,"success":3,"errored":0,"retried":0,"total":3,"elapsed":3612}
[info] ✔  hosting[iss-live-location]: file upload complete
[debug] [2020-09-06T00:24:16.485Z] [hosting] deploy completed after 5192ms
[debug] [2020-09-06T00:24:16.486Z] [
  {
    "config": {
      "public": "dist",
      "ignore": [
        "firebase.json",
        "**/.*",
        "**/node_modules/**"
      ],
      "site": "iss-live-location"
    },
    "site": "iss-live-location",
    "version": "sites/iss-live-location/versions/de77ca6fa5db4afc"
  }
]
[info] i  hosting[iss-live-location]: finalizing version...
[debug] [2020-09-06T00:24:16.487Z] >>> HTTP REQUEST PATCH https://firebasehosting.googleapis.com/v1beta1/sites/iss-live-location/versions/de77ca6fa5db4afc?updateMask=status  
 {"status":"FINALIZED"}
[debug] [2020-09-06T00:24:17.987Z] <<< HTTP RESPONSE 200 {"content-type":"application/json; charset=UTF-8","vary":"X-Origin, Referer, Origin,Accept-Encoding","date":"Sun, 06 Sep 2020 00:24:17 GMT","server":"ESF","cache-control":"private","x-xss-protection":"0","x-frame-options":"SAMEORIGIN","x-content-type-options":"nosniff","alt-svc":"h3-29=\":443\"; ma=2592000,h3-27=\":443\"; ma=2592000,h3-T051=\":443\"; ma=2592000,h3-T050=\":443\"; ma=2592000,h3-Q050=\":443\"; ma=2592000,h3-Q046=\":443\"; ma=2592000,h3-Q043=\":443\"; ma=2592000,quic=\":443\"; ma=2592000; v=\"46,43\"","accept-ranges":"none","transfer-encoding":"chunked"}
[debug] [2020-09-06T00:24:17.988Z] [hosting] finalized version for iss-live-location: {"name":"sites/iss-live-location/versions/de77ca6fa5db4afc","status":"FINALIZED","config":{},"labels":{"deployment-tool":"cli-firebase"},"createTime":"2020-09-06T00:24:10.254044Z","createUser":{"email":"emmartinez86@gmail.com"},"finalizeTime":"2020-09-06T00:24:17.780032Z","finalizeUser":{"email":"emmartinez86@gmail.com"}}
[info] ✔  hosting[iss-live-location]: version finalized
[info] i  hosting[iss-live-location]: releasing new version...
[debug] [2020-09-06T00:24:17.989Z] >>> HTTP REQUEST POST https://firebasehosting.googleapis.com/v1beta1/sites/iss-live-location/releases?version_name=sites/iss-live-location/versions/de77ca6fa5db4afc  
 {"message":null}
